<?xml version="1.0" encoding="UTF-8"?>
<testng-results ignored="0" total="0" passed="0" failed="0" skipped="0">
  <reporter-output>
  </reporter-output>
  <suite started-at="2024-02-28T15:39:19 IST" name="Default suite" finished-at="2024-02-28T15:39:20 IST" duration-ms="1138">
    <groups>
      <group name="cucumber">
        <method signature="AbstractTestNGCucumberTests.runScenario(io.cucumber.testng.PickleWrapper,io.cucumber.testng.FeatureWrapper)[pri:0, instance:com.Insurance.testRunner.testRun@3cce5371]" name="runScenario" class="io.cucumber.testng.AbstractTestNGCucumberTests"/>
      </group> <!-- cucumber -->
    </groups>
    <test started-at="2024-02-28T15:39:19 IST" name="Default test" finished-at="2024-02-28T15:39:20 IST" duration-ms="1138">
      <class name="com.Insurance.testRunner.testRun">
        <test-method is-config="true" signature="setUpClass(org.testng.ITestContext)[pri:0, instance:com.Insurance.testRunner.testRun@3cce5371]" started-at="2024-02-28T15:39:19 IST" name="setUpClass" finished-at="2024-02-28T15:39:20 IST" duration-ms="973" status="PASS">
          <params>
            <param index="0">
              <value>
                <![CDATA[org.testng.TestRunner@6ad59d92]]>
              </value>
            </param>
          </params>
          <reporter-output>
          </reporter-output>
        </test-method> <!-- setUpClass -->
        <test-method is-config="true" signature="tearDownClass()[pri:0, instance:com.Insurance.testRunner.testRun@3cce5371]" started-at="2024-02-28T15:39:20 IST" name="tearDownClass" finished-at="2024-02-28T15:39:20 IST" duration-ms="13" status="PASS">
          <reporter-output>
          </reporter-output>
        </test-method> <!-- tearDownClass -->
      </class> <!-- com.Insurance.testRunner.testRun -->
    </test> <!-- Default test -->
  </suite> <!-- Default suite -->
</testng-results>
