<?xml version="1.0" encoding="UTF-8"?>
<testng-results ignored="0" total="0" passed="0" failed="0" skipped="0">
  <reporter-output>
  </reporter-output>
  <suite started-at="2024-02-28T15:05:36 IST" name="Suite" finished-at="2024-02-28T15:05:37 IST" duration-ms="848">
    <groups>
      <group name="cucumber">
        <method signature="AbstractTestNGCucumberTests.runScenario(io.cucumber.testng.PickleWrapper,io.cucumber.testng.FeatureWrapper)[pri:0, instance:com.Insurance.testRunner.testRun@15a34df2]" name="runScenario" class="io.cucumber.testng.AbstractTestNGCucumberTests"/>
        <method signature="AbstractTestNGCucumberTests.runScenario(io.cucumber.testng.PickleWrapper,io.cucumber.testng.FeatureWrapper)[pri:0, instance:com.Insurance.testRunner.testRun@126253fd]" name="runScenario" class="io.cucumber.testng.AbstractTestNGCucumberTests"/>
      </group> <!-- cucumber -->
    </groups>
    <test started-at="2024-02-28T15:05:36 IST" name="Test1" finished-at="2024-02-28T15:05:37 IST" duration-ms="676">
      <class name="com.Insurance.testRunner.testRun">
        <test-method is-config="true" signature="setUpClass(org.testng.ITestContext)[pri:0, instance:com.Insurance.testRunner.testRun@15a34df2]" started-at="2024-02-28T15:05:36 IST" name="setUpClass" finished-at="2024-02-28T15:05:37 IST" duration-ms="583" status="PASS">
          <params>
            <param index="0">
              <value>
                <![CDATA[org.testng.TestRunner@305a0c5f]]>
              </value>
            </param>
          </params>
          <reporter-output>
          </reporter-output>
        </test-method> <!-- setUpClass -->
        <test-method is-config="true" signature="tearDownClass()[pri:0, instance:com.Insurance.testRunner.testRun@15a34df2]" started-at="2024-02-28T15:05:37 IST" name="tearDownClass" finished-at="2024-02-28T15:05:37 IST" duration-ms="9" status="PASS">
          <reporter-output>
          </reporter-output>
        </test-method> <!-- tearDownClass -->
      </class> <!-- com.Insurance.testRunner.testRun -->
    </test> <!-- Test1 -->
    <test started-at="2024-02-28T15:05:37 IST" name="Test2" finished-at="2024-02-28T15:05:37 IST" duration-ms="36">
      <class name="com.Insurance.testRunner.testRun">
        <test-method is-config="true" signature="setUpClass(org.testng.ITestContext)[pri:0, instance:com.Insurance.testRunner.testRun@126253fd]" started-at="2024-02-28T15:05:37 IST" name="setUpClass" finished-at="2024-02-28T15:05:37 IST" duration-ms="21" status="PASS">
          <params>
            <param index="0">
              <value>
                <![CDATA[org.testng.TestRunner@4535b6d5]]>
              </value>
            </param>
          </params>
          <reporter-output>
          </reporter-output>
        </test-method> <!-- setUpClass -->
        <test-method is-config="true" signature="tearDownClass()[pri:0, instance:com.Insurance.testRunner.testRun@126253fd]" started-at="2024-02-28T15:05:37 IST" name="tearDownClass" finished-at="2024-02-28T15:05:37 IST" duration-ms="0" status="PASS">
          <reporter-output>
          </reporter-output>
        </test-method> <!-- tearDownClass -->
      </class> <!-- com.Insurance.testRunner.testRun -->
    </test> <!-- Test2 -->
  </suite> <!-- Suite -->
</testng-results>
